ct 29 19:26:02 ubuntu sshd[825]: Server listening on 0.0.0.0 port 22.
Oct 29 19:26:02 ubuntu sshd[825]: Server listening on :: port 22.
Oct 29 19:26:05 ubuntu sshd[963]: Did not receive identification string from 10.0.2.2
Oct 29 19:26:05 ubuntu sshd[962]: Accepted password for vagrant from 10.0.2.2 port 54757 ssh2
Oct 29 19:26:05 ubuntu sshd[962]: pam_unix(sshd:session): session opened for user vagrant by (uid=0)
Oct 29 19:26:07 ubuntu sudo:  vagrant : TTY=unknown ; PWD=/home/vagrant ; USER=root ; COMMAND=/bin/bash -s -- -v 13.8.5
Oct 29 19:26:07 ubuntu sudo: pam_unix(sudo:session): session opened for user root by (uid=0)
Oct 29 19:26:19 ubuntu sudo: pam_unix(sudo:session): session closed for user root
Oct 29 19:26:19 ubuntu sudo:  vagrant : TTY=unknown ; PWD=/home/vagrant ; USER=root ; COMMAND=/bin/mkdir -p /tmp/packer-chef-solo
Oct 29 19:26:19 ubuntu sudo: pam_unix(sudo:session): session opened for user root by (uid=0)
Oct 29 19:26:19 ubuntu sudo: pam_unix(sudo:session): session closed for user root
Oct 29 19:26:19 ubuntu sudo:  vagrant : TTY=unknown ; PWD=/home/vagrant ; USER=root ; COMMAND=/bin/chmod 0777 /tmp/packer-chef-solo
Oct 29 19:26:19 ubuntu sudo: pam_unix(sudo:session): session opened for user root by (uid=0)
Oct 29 19:26:19 ubuntu sudo: pam_unix(sudo:session): session closed for user root
Oct 29 19:26:19 ubuntu sudo:  vagrant : TTY=unknown ; PWD=/home/vagrant ; USER=root ; COMMAND=/bin/mkdir -p /tmp/packer-chef-solo/cookbooks-0
Oct 29 19:26:19 ubuntu sudo: pam_unix(sudo:session): session opened for user root by (uid=0)
Oct 29 19:26:19 ubuntu sudo: pam_unix(sudo:session): session closed for user root
Oct 29 19:26:19 ubuntu sudo:  vagrant : TTY=unknown ; PWD=/home/vagrant ; USER=root ; COMMAND=/bin/chmod 0777 /tmp/packer-chef-solo/cookbooks-0
Oct 29 19:26:19 ubuntu sudo: pam_unix(sudo:session): session opened for user root by (uid=0)
Oct 29 19:26:19 ubuntu sudo: pam_unix(sudo:session): session closed for user root
Oct 29 19:26:20 ubuntu sudo:  vagrant : TTY=unknown ; PWD=/home/vagrant ; USER=root ; COMMAND=/usr/bin/chef-solo --no-color -c /tmp/packer-chef-solo/solo.rb -j /tmp/packer-chef-solo/node.json
Oct 29 19:26:20 ubuntu sudo: pam_unix(sudo:session): session opened for user root by (uid=0)
Oct 29 19:26:37 ubuntu groupadd[1834]: group added to /etc/group: name=dirmngr, GID=111
Oct 29 19:26:37 ubuntu groupadd[1834]: group added to /etc/gshadow: name=dirmngr
Oct 29 19:26:37 ubuntu groupadd[1834]: new group: name=dirmngr, GID=111
Oct 29 19:26:37 ubuntu useradd[1839]: new user: name=dirmngr, UID=105, GID=111, home=/var/cache/dirmngr, shell=/bin/sh
Oct 29 19:26:37 ubuntu usermod[1844]: change user 'dirmngr' password
Oct 29 19:26:37 ubuntu chage[1849]: changed password expiry for dirmngr
Oct 29 19:26:37 ubuntu su[1879]: Successful su for dirmngr by root
Oct 29 19:26:37 ubuntu su[1879]: + ??? root:dirmngr
Oct 29 19:26:37 ubuntu su[1879]: pam_unix(su:session): session opened for user dirmngr by (uid=0)
Oct 29 19:26:37 ubuntu su[1879]: pam_unix(su:session): session closed for user dirmngr
Oct 29 19:26:38 ubuntu useradd[1894]: new user: name=leia_organa, UID=1111, GID=100, home=/home/leia_organa, shell=/bin/bash
Oct 29 19:26:38 ubuntu useradd[1901]: new user: name=luke_skywalker, UID=1112, GID=100, home=/home/luke_skywalker, shell=/bin/bash
Oct 29 19:26:38 ubuntu useradd[1908]: new user: name=han_solo, UID=1113, GID=100, home=/home/han_solo, shell=/bin/bash
Oct 29 19:26:38 ubuntu useradd[1915]: new user: name=artoo_detoo, UID=1114, GID=100, home=/home/artoo_detoo, shell=/bin/bash
Oct 29 19:26:38 ubuntu useradd[1922]: new user: name=c_three_pio, UID=1115, GID=100, home=/home/c_three_pio, shell=/bin/bash
Oct 29 19:26:38 ubuntu useradd[1929]: new user: name=ben_kenobi, UID=1116, GID=100, home=/home/ben_kenobi, shell=/bin/bash
Oct 29 19:26:38 ubuntu useradd[1936]: new user: name=darth_vader, UID=1117, GID=100, home=/home/darth_vader, shell=/bin/bash
Oct 29 19:26:38 ubuntu useradd[1943]: new user: name=anakin_skywalker, UID=1118, GID=100, home=/home/anakin_skywalker, shell=/bin/bash
Oct 29 19:26:38 ubuntu useradd[1950]: new user: name=jarjar_binks, UID=1119, GID=100, home=/home/jarjar_binks, shell=/bin/bash
Oct 29 19:26:38 ubuntu useradd[1957]: new user: name=lando_calrissian, UID=1120, GID=100, home=/home/lando_calrissian, shell=/bin/bash
Oct 29 19:26:38 ubuntu useradd[1964]: new user: name=boba_fett, UID=1121, GID=100, home=/home/boba_fett, shell=/bin/bash
Oct 29 19:26:38 ubuntu useradd[1971]: new user: name=jabba_hutt, UID=1122, GID=100, home=/home/jabba_hutt, shell=/bin/bash
Oct 29 19:26:38 ubuntu useradd[1978]: new user: name=greedo, UID=1123, GID=100, home=/home/greedo, shell=/bin/bash
Oct 29 19:26:39 ubuntu useradd[1985]: new user: name=chewbacca, UID=1124, GID=100, home=/home/chewbacca, shell=/bin/bash
Oct 29 19:26:39 ubuntu useradd[1992]: new user: name=kylo_ren, UID=1125, GID=100, home=/home/kylo_ren, shell=/bin/bash
Oct 29 19:26:39 ubuntu groupmod[1999]: group changed in /etc/group (group sudo/27)
Oct 29 19:26:39 ubuntu gpasswd[2005]: user leia_organa added by root to group sudo
Oct 29 19:26:39 ubuntu gpasswd[2011]: user luke_skywalker added by root to group sudo
Oct 29 19:26:39 ubuntu gpasswd[2017]: user han_solo added by root to group sudo
Oct 29 19:26:52 ubuntu groupadd[5181]: group added to /etc/group: name=mysql, GID=112
Oct 29 19:26:52 ubuntu groupadd[5181]: group added to /etc/gshadow: name=mysql
Oct 29 19:26:52 ubuntu groupadd[5181]: new group: name=mysql, GID=112
Oct 29 19:26:52 ubuntu useradd[5187]: new user: name=mysql, UID=106, GID=112, home=/nonexistent, shell=/bin/false
Oct 29 19:26:52 ubuntu chage[5192]: changed password expiry for mysql
Oct 29 19:26:52 ubuntu chfn[5195]: changed user 'mysql' information
Oct 29 19:28:06 ubuntu groupadd[18381]: group added to /etc/group: name=ssl-cert, GID=113
Oct 29 19:28:06 ubuntu groupadd[18381]: group added to /etc/gshadow: name=ssl-cert
Oct 29 19:28:06 ubuntu groupadd[18381]: new group: name=ssl-cert, GID=113
Oct 29 19:34:37 ubuntu groupadd[4798]: group added to /etc/group: name=docker, GID=999
Oct 29 19:34:37 ubuntu groupadd[4798]: group added to /etc/gshadow: name=docker
Oct 29 19:34:37 ubuntu groupadd[4798]: new group: name=docker, GID=999
Oct 29 19:34:43 ubuntu groupmod[5515]: group changed in /etc/group (group docker/999)
Oct 29 19:34:43 ubuntu gpasswd[5521]: user boba_fett added by root to group docker
Oct 29 19:34:43 ubuntu gpasswd[5527]: user jabba_hutt added by root to group docker
Oct 29 19:34:43 ubuntu gpasswd[5533]: user greedo added by root to group docker
Oct 29 19:34:43 ubuntu gpasswd[5539]: user chewbacca added by root to group docker
Oct 29 19:37:01 ubuntu sudo:     root : TTY=unknown ; PWD=/ ; USER=boba_fett ; COMMAND=/opt/unrealircd/Unreal3.2/unreal start
Oct 29 19:37:01 ubuntu sudo: pam_unix(sudo:session): session opened for user boba_fett by (uid=0)
Oct 29 19:37:02 ubuntu sudo: pam_unix(sudo:session): session closed for user boba_fett
Oct 29 19:37:02 ubuntu sudo:     root : TTY=unknown ; PWD=/ ; USER=root ; COMMAND=/bin/bash -
Oct 29 19:37:02 ubuntu sudo: pam_unix(sudo:session): session opened for user root by (uid=0)
Oct 29 19:37:40 ubuntu sudo: pam_unix(sudo:session): session closed for user root
Oct 29 19:37:54 ubuntu sudo:     root : TTY=unknown ; PWD=/ ; USER=chewbacca ; COMMAND=/opt/readme_app/start.sh
Oct 29 19:37:54 ubuntu sudo: pam_unix(sudo:session): session opened for user chewbacca by (uid=0)
Oct 29 19:38:15 ubuntu groupadd[18086]: group added to /etc/group: name=avahi, GID=114
Oct 29 19:38:15 ubuntu groupadd[18086]: group added to /etc/gshadow: name=avahi
Oct 29 19:38:15 ubuntu groupadd[18086]: new group: name=avahi, GID=114
Oct 29 19:38:15 ubuntu useradd[18090]: new user: name=avahi, UID=107, GID=114, home=/var/run/avahi-daemon, shell=/bin/false
Oct 29 19:38:15 ubuntu usermod[18095]: change user 'avahi' password
Oct 29 19:38:15 ubuntu chage[18100]: changed password expiry for avahi
Oct 29 19:38:15 ubuntu chfn[18103]: changed user 'avahi' information
Oct 29 19:38:16 ubuntu groupadd[18265]: group added to /etc/group: name=scanner, GID=115
Oct 29 19:38:16 ubuntu groupadd[18265]: group added to /etc/gshadow: name=scanner
Oct 29 19:38:16 ubuntu groupadd[18265]: new group: name=scanner, GID=115
Oct 29 19:38:16 ubuntu groupadd[18325]: group added to /etc/group: name=colord, GID=116
Oct 29 19:38:16 ubuntu groupadd[18325]: group added to /etc/gshadow: name=colord
Oct 29 19:38:16 ubuntu groupadd[18325]: new group: name=colord, GID=116
Oct 29 19:38:16 ubuntu useradd[18331]: new user: name=colord, UID=108, GID=116, home=/var/lib/colord, shell=/bin/false
Oct 29 19:38:16 ubuntu usermod[18336]: change user 'colord' password
Oct 29 19:38:16 ubuntu chage[18341]: changed password expiry for colord
Oct 29 19:38:16 ubuntu chfn[18344]: changed user 'colord' information
Oct 29 19:39:03 ubuntu sudo: pam_unix(sudo:session): session closed for user root
Oct 29 19:39:04 ubuntu sudo:  vagrant : TTY=unknown ; PWD=/home/vagrant ; USER=root ; COMMAND=/sbin/shutdown -P now
Oct 29 19:39:04 ubuntu sudo: pam_unix(sudo:session): session opened for user root by (uid=0)
Jan 13 11:18:19 ubuntu sudo:     root : TTY=unknown ; PWD=/ ; USER=chewbacca ; COMMAND=/opt/readme_app/start.sh
Jan 13 11:18:19 ubuntu sudo: pam_unix(sudo:session): session opened for user chewbacca by (uid=0)
Jan 13 11:18:19 ubuntu su[1205]: Successful su for dirmngr by root
Jan 13 11:18:19 ubuntu su[1205]: + /dev/console root:dirmngr
Jan 13 11:18:19 ubuntu sshd[1165]: Server listening on 0.0.0.0 port 22.
Jan 13 11:18:19 ubuntu sshd[1165]: Server listening on :: port 22.
Jan 13 11:18:19 ubuntu su[1205]: pam_unix(su:session): session opened for user dirmngr by (uid=0)
Jan 13 11:18:19 ubuntu su[1205]: pam_unix(su:session): session closed for user dirmngr
Jan 13 11:18:19 ubuntu sudo:     root : TTY=unknown ; PWD=/ ; USER=boba_fett ; COMMAND=/opt/unrealircd/Unreal3.2/unreal start
Jan 13 11:18:19 ubuntu sudo: pam_unix(sudo:session): session opened for user boba_fett by (uid=0)
Jan 13 11:18:20 ubuntu sudo: pam_unix(sudo:session): session closed for user boba_fett
Jan 13 11:18:24 ubuntu sshd[1822]: Accepted password for vagrant from 10.0.2.2 port 56448 ssh2
Jan 13 11:18:24 ubuntu sshd[1822]: pam_unix(sshd:session): session opened for user vagrant by (uid=0)
Jan 13 11:18:29 ubuntu sudo:  vagrant : TTY=unknown ; PWD=/home/vagrant ; USER=root ; COMMAND=/bin/bash -l
Jan 13 11:18:29 ubuntu sudo: pam_unix(sudo:session): session opened for user root by (uid=0)
Jan 13 11:18:29 ubuntu sudo: pam_unix(sudo:session): session closed for user root
Jan 13 11:18:29 ubuntu sudo:  vagrant : TTY=unknown ; PWD=/home/vagrant ; USER=root ; COMMAND=/bin/bash -l
Jan 13 11:18:29 ubuntu sudo: pam_unix(sudo:session): session opened for user root by (uid=0)
Jan 13 11:18:29 ubuntu sudo: pam_unix(sudo:session): session closed for user root
Jan 13 11:18:31 ubuntu sudo:  vagrant : TTY=unknown ; PWD=/home/vagrant ; USER=root ; COMMAND=/bin/bash -l
Jan 13 11:18:31 ubuntu sudo: pam_unix(sudo:session): session opened for user root by (uid=0)
Jan 13 11:18:31 ubuntu sudo: pam_unix(sudo:session): session closed for user root
Jan 13 11:18:31 ubuntu sudo:  vagrant : TTY=unknown ; PWD=/home/vagrant ; USER=root ; COMMAND=/bin/bash -l
Jan 13 11:18:31 ubuntu sudo: pam_unix(sudo:session): session opened for user root by (uid=0)
Jan 13 11:18:31 ubuntu sudo: pam_unix(sudo:session): session closed for user root
Jan 13 11:18:31 ubuntu sudo:  vagrant : TTY=unknown ; PWD=/home/vagrant ; USER=root ; COMMAND=/bin/bash -l
Jan 13 11:18:31 ubuntu sudo: pam_unix(sudo:session): session opened for user root by (uid=0)
Jan 13 11:18:31 ubuntu sudo: pam_unix(sudo:session): session closed for user root
Jan 13 11:18:31 ubuntu sudo:  vagrant : TTY=unknown ; PWD=/home/vagrant ; USER=root ; COMMAND=/bin/bash -l
Jan 13 11:18:31 ubuntu sudo: pam_unix(sudo:session): session opened for user root by (uid=0)
Jan 13 11:18:31 ubuntu sudo: pam_unix(sudo:session): session closed for user root
Jan 13 11:18:31 ubuntu sudo:  vagrant : TTY=unknown ; PWD=/home/vagrant ; USER=root ; COMMAND=/bin/bash -l
Jan 13 11:18:31 ubuntu sudo: pam_unix(sudo:session): session opened for user root by (uid=0)
Jan 13 11:18:31 ubuntu sudo: pam_unix(sudo:session): session closed for user root
Jan 13 11:18:31 ubuntu sudo:  vagrant : TTY=unknown ; PWD=/home/vagrant ; USER=root ; COMMAND=/bin/bash -l
Jan 13 11:18:31 ubuntu sudo: pam_unix(sudo:session): session opened for user root by (uid=0)
Jan 13 11:18:31 ubuntu sudo: pam_unix(sudo:session): session closed for user root
Jan 13 11:18:32 ubuntu sudo:  vagrant : TTY=unknown ; PWD=/home/vagrant ; USER=root ; COMMAND=/bin/bash -l
Jan 13 11:18:32 ubuntu sudo: pam_unix(sudo:session): session opened for user root by (uid=0)
Jan 13 11:18:32 ubuntu sudo: pam_unix(sudo:session): session closed for user root
Jan 13 11:18:32 ubuntu sudo:  vagrant : TTY=unknown ; PWD=/home/vagrant ; USER=root ; COMMAND=/bin/bash -l
Jan 13 11:18:32 ubuntu sudo: pam_unix(sudo:session): session opened for user root by (uid=0)
Jan 13 11:18:32 ubuntu sudo: pam_unix(sudo:session): session closed for user root
Jan 13 11:18:32 ubuntu sudo:  vagrant : TTY=unknown ; PWD=/home/vagrant ; USER=root ; COMMAND=/bin/bash -l
Jan 13 11:18:32 ubuntu sudo: pam_unix(sudo:session): session opened for user root by (uid=0)
Mar  9 09:55:27 metasploitable3-ub1404 sudo:     root : TTY=unknown ; PWD=/ ; USER=chewbacca ; COMMAND=/opt/readme_app/start.sh
Mar  9 09:55:27 metasploitable3-ub1404 sudo: pam_unix(sudo:session): session opened for user chewbacca by (uid=0)
Mar  9 09:55:27 metasploitable3-ub1404 sshd[1125]: Server listening on 0.0.0.0 port 22.
Mar  9 09:55:27 metasploitable3-ub1404 sshd[1125]: Server listening on :: port 22.
Mar  9 09:55:27 metasploitable3-ub1404 su[1152]: Successful su for dirmngr by root
Mar  9 09:55:27 metasploitable3-ub1404 su[1152]: + /dev/console root:dirmngr
Mar  9 09:55:27 metasploitable3-ub1404 su[1152]: pam_unix(su:session): session opened for user dirmngr by (uid=0)
Mar  9 09:55:27 metasploitable3-ub1404 su[1152]: pam_unix(su:session): session closed for user dirmngr
Mar  9 09:55:27 metasploitable3-ub1404 sudo:     root : TTY=unknown ; PWD=/ ; USER=boba_fett ; COMMAND=/opt/unrealircd/Unreal3.2/unreal start
Mar  9 09:55:27 metasploitable3-ub1404 sudo: pam_unix(sudo:session): session opened for user boba_fett by (uid=0)
Mar  9 09:55:29 metasploitable3-ub1404 sudo: pam_unix(sudo:session): session closed for user boba_fett
Mar  9 09:58:27 metasploitable3-ub1404 sshd[1125]: Received signal 15; terminating.
Mar  9 09:58:27 metasploitable3-ub1404 sshd[1639]: Server listening on 0.0.0.0 port 22.
Mar  9 09:58:27 metasploitable3-ub1404 sshd[1639]: Server listening on :: port 22.
Mar  9 10:17:01 metasploitable3-ub1404 CRON[1977]: pam_unix(cron:session): session opened for user root by (uid=0)
Mar  9 10:17:01 metasploitable3-ub1404 CRON[1977]: pam_unix(cron:session): session closed for user root
Mar  9 11:17:01 metasploitable3-ub1404 CRON[2032]: pam_unix(cron:session): session opened for user root by (uid=0)
Mar  9 11:17:01 metasploitable3-ub1404 CRON[2032]: pam_unix(cron:session): session closed for user root
Mar  9 12:17:01 metasploitable3-ub1404 CRON[2085]: pam_unix(cron:session): session opened for user root by (uid=0)
Mar  9 12:17:01 metasploitable3-ub1404 CRON[2085]: pam_unix(cron:session): session closed for user root
Mar  9 13:17:01 metasploitable3-ub1404 CRON[2137]: pam_unix(cron:session): session opened for user root by (uid=0)
Mar  9 13:17:01 metasploitable3-ub1404 CRON[2137]: pam_unix(cron:session): session closed for user root
Mar  9 14:17:01 metasploitable3-ub1404 CRON[2190]: pam_unix(cron:session): session opened for user root by (uid=0)
Mar  9 14:17:01 metasploitable3-ub1404 CRON[2190]: pam_unix(cron:session): session closed for user root
Mar  9 15:17:01 metasploitable3-ub1404 CRON[2242]: pam_unix(cron:session): session opened for user root by (uid=0)
Mar  9 15:17:01 metasploitable3-ub1404 CRON[2242]: pam_unix(cron:session): session closed for user root
Mar  9 16:17:01 metasploitable3-ub1404 CRON[2295]: pam_unix(cron:session): session opened for user root by (uid=0)
Mar  9 16:17:01 metasploitable3-ub1404 CRON[2295]: pam_unix(cron:session): session closed for user root
Mar  9 17:17:01 metasploitable3-ub1404 CRON[2348]: pam_unix(cron:session): session opened for user root by (uid=0)
Mar  9 17:17:01 metasploitable3-ub1404 CRON[2348]: pam_unix(cron:session): session closed for user root
Mar  9 18:17:01 metasploitable3-ub1404 CRON[2400]: pam_unix(cron:session): session opened for user root by (uid=0)
Mar  9 18:17:01 metasploitable3-ub1404 CRON[2400]: pam_unix(cron:session): session closed for user root
Mar  9 19:17:01 metasploitable3-ub1404 CRON[2453]: pam_unix(cron:session): session opened for user root by (uid=0)
Mar  9 19:17:01 metasploitable3-ub1404 CRON[2453]: pam_unix(cron:session): session closed for user root
Mar  9 20:17:01 metasploitable3-ub1404 CRON[2505]: pam_unix(cron:session): session opened for user root by (uid=0)
Mar  9 20:17:01 metasploitable3-ub1404 CRON[2505]: pam_unix(cron:session): session closed for user root
Mar  9 21:17:01 metasploitable3-ub1404 CRON[2558]: pam_unix(cron:session): session opened for user root by (uid=0)
Mar  9 21:17:01 metasploitable3-ub1404 CRON[2558]: pam_unix(cron:session): session closed for user root
Mar  9 22:17:01 metasploitable3-ub1404 CRON[2605]: pam_unix(cron:session): session opened for user root by (uid=0)
Mar  9 22:17:01 metasploitable3-ub1404 CRON[2605]: pam_unix(cron:session): session closed for user root
Mar  9 23:17:01 metasploitable3-ub1404 CRON[2657]: pam_unix(cron:session): session opened for user root by (uid=0)
Mar  9 23:17:01 metasploitable3-ub1404 CRON[2657]: pam_unix(cron:session): session closed for user root
Mar 10 00:17:01 metasploitable3-ub1404 CRON[2710]: pam_unix(cron:session): session opened for user root by (uid=0)
Mar 10 00:17:01 metasploitable3-ub1404 CRON[2710]: pam_unix(cron:session): session closed for user root
Mar 10 01:17:01 metasploitable3-ub1404 CRON[2762]: pam_unix(cron:session): session opened for user root by (uid=0)
Mar 10 01:17:01 metasploitable3-ub1404 CRON[2762]: pam_unix(cron:session): session closed for user root
Mar 10 02:17:01 metasploitable3-ub1404 CRON[2815]: pam_unix(cron:session): session opened for user root by (uid=0)
Mar 10 02:17:01 metasploitable3-ub1404 CRON[2815]: pam_unix(cron:session): session closed for user root
Mar 10 03:17:01 metasploitable3-ub1404 CRON[2874]: pam_unix(cron:session): session opened for user root by (uid=0)
Mar 10 03:17:01 metasploitable3-ub1404 CRON[2874]: pam_unix(cron:session): session closed for user root
Mar 10 04:17:01 metasploitable3-ub1404 CRON[2926]: pam_unix(cron:session): session opened for user root by (uid=0)
Mar 10 04:17:01 metasploitable3-ub1404 CRON[2926]: pam_unix(cron:session): session closed for user root
Mar 10 05:17:01 metasploitable3-ub1404 CRON[2973]: pam_unix(cron:session): session opened for user root by (uid=0)
Mar 10 05:17:01 metasploitable3-ub1404 CRON[2973]: pam_unix(cron:session): session closed for user root
Mar 10 06:17:01 metasploitable3-ub1404 CRON[3026]: pam_unix(cron:session): session opened for user root by (uid=0)
Mar 10 06:17:01 metasploitable3-ub1404 CRON[3026]: pam_unix(cron:session): session closed for user root
Mar 10 06:25:01 metasploitable3-ub1404 CRON[3030]: pam_unix(cron:session): session opened for user root by (uid=0)
Mar 10 06:27:53 metasploitable3-ub1404 CRON[3030]: pam_unix(cron:session): session closed for user root
Mar 10 07:17:01 metasploitable3-ub1404 CRON[3307]: pam_unix(cron:session): session opened for user root by (uid=0)
Mar 10 07:17:01 metasploitable3-ub1404 CRON[3307]: pam_unix(cron:session): session closed for user root
Mar 10 08:17:01 metasploitable3-ub1404 CRON[3360]: pam_unix(cron:session): session opened for user root by (uid=0)
Mar 10 08:17:01 metasploitable3-ub1404 CRON[3360]: pam_unix(cron:session): session closed for user root
Mar 10 09:17:01 metasploitable3-ub1404 CRON[3412]: pam_unix(cron:session): session opened for user root by (uid=0)
Mar 10 09:17:01 metasploitable3-ub1404 CRON[3412]: pam_unix(cron:session): session closed for user root
Mar 10 10:17:01 metasploitable3-ub1404 CRON[3471]: pam_unix(cron:session): session opened for user root by (uid=0)
Mar 10 10:17:01 metasploitable3-ub1404 CRON[3471]: pam_unix(cron:session): session closed for user root
Mar 10 11:17:01 metasploitable3-ub1404 CRON[3524]: pam_unix(cron:session): session opened for user root by (uid=0)
Mar 10 11:17:01 metasploitable3-ub1404 CRON[3524]: pam_unix(cron:session): session closed for user root
Mar 10 12:17:01 metasploitable3-ub1404 CRON[3576]: pam_unix(cron:session): session opened for user root by (uid=0)
Mar 10 12:17:01 metasploitable3-ub1404 CRON[3576]: pam_unix(cron:session): session closed for user root
Mar 10 13:17:01 metasploitable3-ub1404 CRON[3623]: pam_unix(cron:session): session opened for user root by (uid=0)
Mar 10 13:17:01 metasploitable3-ub1404 CRON[3623]: pam_unix(cron:session): session closed for user root
Mar 10 14:17:01 metasploitable3-ub1404 CRON[3681]: pam_unix(cron:session): session opened for user root by (uid=0)
Mar 10 14:17:01 metasploitable3-ub1404 CRON[3681]: pam_unix(cron:session): session closed for user root
Mar 10 15:17:01 metasploitable3-ub1404 CRON[3728]: pam_unix(cron:session): session opened for user root by (uid=0)
Mar 10 15:17:01 metasploitable3-ub1404 CRON[3728]: pam_unix(cron:session): session closed for user root
Mar 10 16:17:01 metasploitable3-ub1404 CRON[3781]: pam_unix(cron:session): session opened for user root by (uid=0)
Mar 10 16:17:01 metasploitable3-ub1404 CRON[3781]: pam_unix(cron:session): session closed for user root
Mar 10 17:17:01 metasploitable3-ub1404 CRON[3833]: pam_unix(cron:session): session opened for user root by (uid=0)
Mar 10 17:17:01 metasploitable3-ub1404 CRON[3833]: pam_unix(cron:session): session closed for user root
Mar 10 18:17:01 metasploitable3-ub1404 CRON[3886]: pam_unix(cron:session): session opened for user root by (uid=0)
Mar 10 18:17:01 metasploitable3-ub1404 CRON[3886]: pam_unix(cron:session): session closed for user root
Mar 10 19:17:01 metasploitable3-ub1404 CRON[3945]: pam_unix(cron:session): session opened for user root by (uid=0)
Mar 10 19:17:01 metasploitable3-ub1404 CRON[3945]: pam_unix(cron:session): session closed for user root
Mar 10 20:17:01 metasploitable3-ub1404 CRON[3997]: pam_unix(cron:session): session opened for user root by (uid=0)
Mar 10 20:17:01 metasploitable3-ub1404 CRON[3997]: pam_unix(cron:session): session closed for user root
Mar 10 21:17:01 metasploitable3-ub1404 CRON[4050]: pam_unix(cron:session): session opened for user root by (uid=0)
Mar 10 21:17:01 metasploitable3-ub1404 CRON[4050]: pam_unix(cron:session): session closed for user root
Mar 10 22:17:01 metasploitable3-ub1404 CRON[4108]: pam_unix(cron:session): session opened for user root by (uid=0)
Mar 10 22:17:01 metasploitable3-ub1404 CRON[4108]: pam_unix(cron:session): session closed for user root
Mar 10 23:17:01 metasploitable3-ub1404 CRON[4161]: pam_unix(cron:session): session opened for user root by (uid=0)
Mar 10 23:17:01 metasploitable3-ub1404 CRON[4161]: pam_unix(cron:session): session closed for user root
Mar 11 00:17:01 metasploitable3-ub1404 CRON[4208]: pam_unix(cron:session): session opened for user root by (uid=0)
Mar 11 00:17:01 metasploitable3-ub1404 CRON[4208]: pam_unix(cron:session): session closed for user root
Mar 11 01:17:01 metasploitable3-ub1404 CRON[4260]: pam_unix(cron:session): session opened for user root by (uid=0)
Mar 11 01:17:01 metasploitable3-ub1404 CRON[4260]: pam_unix(cron:session): session closed for user root
Mar 11 02:17:01 metasploitable3-ub1404 CRON[4313]: pam_unix(cron:session): session opened for user root by (uid=0)
Mar 11 02:17:01 metasploitable3-ub1404 CRON[4313]: pam_unix(cron:session): session closed for user root
Mar 11 03:17:01 metasploitable3-ub1404 CRON[4365]: pam_unix(cron:session): session opened for user root by (uid=0)
Mar 11 03:17:01 metasploitable3-ub1404 CRON[4365]: pam_unix(cron:session): session closed for user root
Mar 11 04:17:01 metasploitable3-ub1404 CRON[4424]: pam_unix(cron:session): session opened for user root by (uid=0)
Mar 11 04:17:01 metasploitable3-ub1404 CRON[4424]: pam_unix(cron:session): session closed for user root
Mar 11 05:17:01 metasploitable3-ub1404 CRON[4471]: pam_unix(cron:session): session opened for user root by (uid=0)
Mar 11 05:17:01 metasploitable3-ub1404 CRON[4471]: pam_unix(cron:session): session closed for user root
Mar 11 06:17:01 metasploitable3-ub1404 CRON[4523]: pam_unix(cron:session): session opened for user root by (uid=0)
Mar 11 06:17:01 metasploitable3-ub1404 CRON[4523]: pam_unix(cron:session): session closed for user root
Mar 11 06:25:01 metasploitable3-ub1404 CRON[4534]: pam_unix(cron:session): session opened for user root by (uid=0)
Mar 11 06:30:33 metasploitable3-ub1404 CRON[4534]: pam_unix(cron:session): session closed for user root
Mar 11 07:17:01 metasploitable3-ub1404 CRON[4959]: pam_unix(cron:session): session opened for user root by (uid=0)
Mar 11 07:17:01 metasploitable3-ub1404 CRON[4959]: pam_unix(cron:session): session closed for user root
Mar 11 08:17:01 metasploitable3-ub1404 CRON[5011]: pam_unix(cron:session): session opened for user root by (uid=0)
Mar 11 08:17:01 metasploitable3-ub1404 CRON[5011]: pam_unix(cron:session): session closed for user root
Mar 11 09:17:01 metasploitable3-ub1404 CRON[5064]: pam_unix(cron:session): session opened for user root by (uid=0)
Mar 11 09:17:01 metasploitable3-ub1404 CRON[5064]: pam_unix(cron:session): session closed for user root
Mar 11 10:17:01 metasploitable3-ub1404 CRON[5111]: pam_unix(cron:session): session opened for user root by (uid=0)
Mar 11 10:17:01 metasploitable3-ub1404 CRON[5111]: pam_unix(cron:session): session closed for user root
Mar 11 10:55:16 metasploitable3-ub1404 login[1514]: pam_unix(login:auth): check pass; user unknown
Mar 11 10:55:16 metasploitable3-ub1404 login[1514]: pam_unix(login:auth): authentication failure; logname=LOGIN uid=0 euid=0 tty=/dev/tty1 ruser= rhost= 
Mar 11 10:55:19 metasploitable3-ub1404 login[1514]: FAILED LOGIN (1) on '/dev/tty1' FOR 'UNKNOWN', Authentication failure
Mar 11 10:55:31 metasploitable3-ub1404 login[1514]: pam_unix(login:session): session opened for user vagrant by LOGIN(uid=0)
Mar 11 10:59:54 metasploitable3-ub1404 sudo:     root : TTY=unknown ; PWD=/ ; USER=chewbacca ; COMMAND=/opt/readme_app/start.sh
Mar 11 10:59:54 metasploitable3-ub1404 sudo: pam_unix(sudo:session): session opened for user chewbacca by (uid=0)
Mar 11 10:59:54 metasploitable3-ub1404 sshd[1116]: Server listening on 0.0.0.0 port 22.
Mar 11 10:59:54 metasploitable3-ub1404 sshd[1116]: Server listening on :: port 22.
Mar 11 10:59:54 metasploitable3-ub1404 su[1140]: Successful su for dirmngr by root
Mar 11 10:59:54 metasploitable3-ub1404 su[1140]: + /dev/console root:dirmngr
Mar 11 10:59:54 metasploitable3-ub1404 su[1140]: pam_unix(su:session): session opened for user dirmngr by (uid=0)
Mar 11 10:59:54 metasploitable3-ub1404 su[1140]: pam_unix(su:session): session closed for user dirmngr
Mar 11 10:59:55 metasploitable3-ub1404 sudo:     root : TTY=unknown ; PWD=/ ; USER=boba_fett ; COMMAND=/opt/unrealircd/Unreal3.2/unreal start
Mar 11 10:59:55 metasploitable3-ub1404 sudo: pam_unix(sudo:session): session opened for user boba_fett by (uid=0)
Mar 11 10:59:56 metasploitable3-ub1404 sudo: pam_unix(sudo:session): session closed for user boba_fett
Mar 11 10:59:57 metasploitable3-ub1404 sudo: pam_unix(sudo:session): session closed for user chewbacca
Mar 11 11:01:43 metasploitable3-ub1404 login[1508]: pam_unix(login:session): session opened for user vagrant by LOGIN(uid=0)
Mar 11 11:02:55 metasploitable3-ub1404 sshd[1116]: Received signal 15; terminating.
Mar 11 11:02:55 metasploitable3-ub1404 sshd[1675]: Server listening on 0.0.0.0 port 22.
Mar 11 11:02:55 metasploitable3-ub1404 sshd[1675]: Server listening on :: port 22.
Mar 11 11:04:46 metasploitable3-ub1404 sudo:  vagrant : TTY=tty1 ; PWD=/home/vagrant ; USER=root ; COMMAND=/sbin/ifup eth0
Mar 11 11:04:46 metasploitable3-ub1404 sudo: pam_unix(sudo:session): session opened for user root by vagrant(uid=0)
Mar 11 11:04:46 metasploitable3-ub1404 sudo: pam_unix(sudo:session): session closed for user root
Mar 11 11:06:01 metasploitable3-ub1404 sudo:  vagrant : TTY=tty1 ; PWD=/home/vagrant ; USER=root ; COMMAND=/sbin/ip link set eth0 down
Mar 11 11:06:01 metasploitable3-ub1404 sudo: pam_unix(sudo:session): session opened for user root by vagrant(uid=0)
Mar 11 11:06:01 metasploitable3-ub1404 sudo: pam_unix(sudo:session): session closed for user root
Mar 11 11:06:31 metasploitable3-ub1404 sudo:  vagrant : TTY=tty1 ; PWD=/home/vagrant ; USER=root ; COMMAND=/sbin/ip link set eth0 up
Mar 11 11:06:31 metasploitable3-ub1404 sudo: pam_unix(sudo:session): session opened for user root by vagrant(uid=0)
Mar 11 11:06:31 metasploitable3-ub1404 sudo: pam_unix(sudo:session): session closed for user root
Mar 11 11:10:24 metasploitable3-ub1404 sudo:     root : TTY=unknown ; PWD=/ ; USER=chewbacca ; COMMAND=/opt/readme_app/start.sh
Mar 11 11:10:24 metasploitable3-ub1404 sudo: pam_unix(sudo:session): session opened for user chewbacca by (uid=0)
Mar 11 11:10:24 metasploitable3-ub1404 sshd[1102]: Server listening on 0.0.0.0 port 22.
Mar 11 11:10:24 metasploitable3-ub1404 sshd[1102]: Server listening on :: port 22.
Mar 11 11:10:24 metasploitable3-ub1404 su[1141]: Successful su for dirmngr by root
Mar 11 11:10:24 metasploitable3-ub1404 su[1141]: + /dev/console root:dirmngr
Mar 11 11:10:24 metasploitable3-ub1404 su[1141]: pam_unix(su:session): session opened for user dirmngr by (uid=0)
Mar 11 11:10:24 metasploitable3-ub1404 su[1141]: pam_unix(su:session): session closed for user dirmngr
Mar 11 11:10:25 metasploitable3-ub1404 sudo:     root : TTY=unknown ; PWD=/ ; USER=boba_fett ; COMMAND=/opt/unrealircd/Unreal3.2/unreal start
Mar 11 11:10:25 metasploitable3-ub1404 sudo: pam_unix(sudo:session): session opened for user boba_fett by (uid=0)
Mar 11 11:10:26 metasploitable3-ub1404 sudo: pam_unix(sudo:session): session closed for user boba_fett
Mar 11 11:10:27 metasploitable3-ub1404 sudo: pam_unix(sudo:session): session closed for user chewbacca
Mar 11 11:13:25 metasploitable3-ub1404 sshd[1102]: Received signal 15; terminating.
Mar 11 11:13:25 metasploitable3-ub1404 sshd[1630]: Server listening on 0.0.0.0 port 22.
Mar 11 11:13:25 metasploitable3-ub1404 sshd[1630]: Server listening on :: port 22.
Mar 11 11:17:01 metasploitable3-ub1404 CRON[1950]: pam_unix(cron:session): session opened for user root by (uid=0)
Mar 11 11:17:01 metasploitable3-ub1404 CRON[1950]: pam_unix(cron:session): session closed for user root
Mar 11 11:26:19 metasploitable3-ub1404 login[1505]: pam_unix(login:auth): check pass; user unknown
Mar 11 11:26:19 metasploitable3-ub1404 login[1505]: pam_unix(login:auth): authentication failure; logname=LOGIN uid=0 euid=0 tty=/dev/tty1 ruser= rhost= 
Mar 11 11:26:22 metasploitable3-ub1404 login[1505]: FAILED LOGIN (1) on '/dev/tty1' FOR 'UNKNOWN', Authentication failure
Mar 11 12:07:19 metasploitable3-ub1404 login[1962]: pam_unix(login:session): session opened for user vagrant by LOGIN(uid=0)
Mar 11 12:08:02 metasploitable3-ub1404 sudo:  vagrant : TTY=tty1 ; PWD=/home/vagrant ; USER=root ; COMMAND=/sbin/ifconfig eth0 192.16.19.101 netmask 255.255.255.0 up
Mar 11 12:08:02 metasploitable3-ub1404 sudo: pam_unix(sudo:session): session opened for user root by vagrant(uid=0)
Mar 11 12:08:02 metasploitable3-ub1404 sudo: pam_unix(sudo:session): session closed for user root
Mar 11 12:08:18 metasploitable3-ub1404 sudo:  vagrant : TTY=tty1 ; PWD=/home/vagrant ; USER=root ; COMMAND=/sbin/ifconfig eth0 172.16.19.101 netmask 255.255.255.0 up
Mar 11 12:08:18 metasploitable3-ub1404 sudo: pam_unix(sudo:session): session opened for user root by vagrant(uid=0)
Mar 11 12:08:18 metasploitable3-ub1404 sudo: pam_unix(sudo:session): session closed for user root
Mar 11 12:17:01 metasploitable3-ub1404 CRON[2112]: pam_unix(cron:session): session opened for user root by (uid=0)
Mar 11 12:17:01 metasploitable3-ub1404 CRON[2112]: pam_unix(cron:session): session closed for user root
Mar 11 12:18:33 metasploitable3-ub1404 sudo:  vagrant : TTY=tty1 ; PWD=/etc/network ; USER=root ; COMMAND=/usr/bin/nano -w ./interfaces
Mar 11 12:18:33 metasploitable3-ub1404 sudo: pam_unix(sudo:session): session opened for user root by vagrant(uid=0)
Mar 11 12:19:00 metasploitable3-ub1404 sudo: pam_unix(sudo:session): session closed for user root
Mar 11 12:20:35 metasploitable3-ub1404 sudo:  vagrant : TTY=tty1 ; PWD=/etc/network ; USER=root ; COMMAND=/sbin/ifdown eth0
Mar 11 12:20:35 metasploitable3-ub1404 sudo: pam_unix(sudo:session): session opened for user root by vagrant(uid=0)
Mar 11 12:20:35 metasploitable3-ub1404 sudo: pam_unix(sudo:session): session closed for user root
Mar 11 12:20:35 metasploitable3-ub1404 sudo:  vagrant : TTY=tty1 ; PWD=/etc/network ; USER=root ; COMMAND=/sbin/ifup eth0
Mar 11 12:20:35 metasploitable3-ub1404 sudo: pam_unix(sudo:session): session opened for user root by vagrant(uid=0)
Mar 11 12:20:35 metasploitable3-ub1404 sshd[1630]: Received signal 15; terminating.
Mar 11 12:20:35 metasploitable3-ub1404 sshd[2239]: Server listening on 0.0.0.0 port 22.
Mar 11 12:20:35 metasploitable3-ub1404 sshd[2239]: Server listening on :: port 22.
Mar 11 12:20:35 metasploitable3-ub1404 sudo: pam_unix(sudo:session): session closed for user root
Mar 11 12:21:26 metasploitable3-ub1404 sudo:  vagrant : TTY=tty1 ; PWD=/etc/network ; USER=root ; COMMAND=/sbin/init 0
Mar 11 12:21:26 metasploitable3-ub1404 sudo: pam_unix(sudo:session): session opened for user root by vagrant(uid=0)
Mar 11 12:21:26 metasploitable3-ub1404 sudo: pam_unix(sudo:session): session closed for user root
Mar 11 14:41:12 metasploitable3-ub1404 sudo:     root : TTY=unknown ; PWD=/ ; USER=chewbacca ; COMMAND=/opt/readme_app/start.sh
Mar 11 14:41:12 metasploitable3-ub1404 sudo: pam_unix(sudo:session): session opened for user chewbacca by (uid=0)
Mar 11 14:41:12 metasploitable3-ub1404 sshd[1083]: Server listening on 0.0.0.0 port 22.
Mar 11 14:41:12 metasploitable3-ub1404 sshd[1083]: Server listening on :: port 22.
Mar 11 14:41:12 metasploitable3-ub1404 su[1109]: Successful su for dirmngr by root
Mar 11 14:41:12 metasploitable3-ub1404 su[1109]: + /dev/console root:dirmngr
Mar 11 14:41:12 metasploitable3-ub1404 su[1109]: pam_unix(su:session): session opened for user dirmngr by (uid=0)
Mar 11 14:41:12 metasploitable3-ub1404 su[1109]: pam_unix(su:session): session closed for user dirmngr
Mar 11 14:41:13 metasploitable3-ub1404 sudo:     root : TTY=unknown ; PWD=/ ; USER=boba_fett ; COMMAND=/opt/unrealircd/Unreal3.2/unreal start
Mar 11 14:41:13 metasploitable3-ub1404 sudo: pam_unix(sudo:session): session opened for user boba_fett by (uid=0)
Mar 11 14:41:14 metasploitable3-ub1404 sudo: pam_unix(sudo:session): session closed for user boba_fett
Mar 11 14:47:18 metasploitable3-ub1404 login[1703]: pam_unix(login:session): session opened for user vagrant by LOGIN(uid=0)
Mar 11 15:17:01 metasploitable3-ub1404 CRON[1923]: pam_unix(cron:session): session opened for user root by (uid=0)
Mar 11 15:17:01 metasploitable3-ub1404 CRON[1923]: pam_unix(cron:session): session closed for user root
Mar 11 15:25:58 metasploitable3-ub1404 sudo:     root : TTY=unknown ; PWD=/ ; USER=chewbacca ; COMMAND=/opt/readme_app/start.sh
Mar 11 15:25:58 metasploitable3-ub1404 sudo: pam_unix(sudo:session): session opened for user chewbacca by (uid=0)
Mar 11 15:25:58 metasploitable3-ub1404 sshd[1083]: Server listening on 0.0.0.0 port 22.
Mar 11 15:25:58 metasploitable3-ub1404 sshd[1083]: Server listening on :: port 22.
Mar 11 15:25:59 metasploitable3-ub1404 su[1163]: Successful su for dirmngr by root
Mar 11 15:25:59 metasploitable3-ub1404 su[1163]: + /dev/console root:dirmngr
Mar 11 15:25:59 metasploitable3-ub1404 su[1163]: pam_unix(su:session): session opened for user dirmngr by (uid=0)
Mar 11 15:25:59 metasploitable3-ub1404 su[1163]: pam_unix(su:session): session closed for user dirmngr
Mar 11 15:25:59 metasploitable3-ub1404 sudo:     root : TTY=unknown ; PWD=/ ; USER=boba_fett ; COMMAND=/opt/unrealircd/Unreal3.2/unreal start
Mar 11 15:25:59 metasploitable3-ub1404 sudo: pam_unix(sudo:session): session opened for user boba_fett by (uid=0)
Mar 11 15:26:00 metasploitable3-ub1404 sudo: pam_unix(sudo:session): session closed for user boba_fett
Mar 11 15:28:14 metasploitable3-ub1404 sshd[1801]: Invalid user msfadmin from 172.16.19.10
Mar 11 15:28:14 metasploitable3-ub1404 sshd[1801]: input_userauth_request: invalid user msfadmin [preauth]
Mar 11 15:28:19 metasploitable3-ub1404 sshd[1801]: pam_unix(sshd:auth): check pass; user unknown
Mar 11 15:28:19 metasploitable3-ub1404 sshd[1801]: pam_unix(sshd:auth): authentication failure; logname= uid=0 euid=0 tty=ssh ruser= rhost=172.16.19.10 
Mar 11 15:28:21 metasploitable3-ub1404 sshd[1801]: Failed password for invalid user msfadmin from 172.16.19.10 port 46576 ssh2
Mar 11 15:28:29 metasploitable3-ub1404 sshd[1801]: pam_unix(sshd:auth): check pass; user unknown
Mar 11 15:28:31 metasploitable3-ub1404 sshd[1801]: Failed password for invalid user msfadmin from 172.16.19.10 port 46576 ssh2
Mar 11 15:28:39 metasploitable3-ub1404 sshd[1801]: pam_unix(sshd:auth): check pass; user unknown
Mar 11 15:28:41 metasploitable3-ub1404 sshd[1801]: Failed password for invalid user msfadmin from 172.16.19.10 port 46576 ssh2
Mar 11 15:28:41 metasploitable3-ub1404 sshd[1801]: Connection closed by 172.16.19.10 [preauth]
Mar 11 15:28:41 metasploitable3-ub1404 sshd[1801]: PAM 2 more authentication failures; logname= uid=0 euid=0 tty=ssh ruser= rhost=172.16.19.10 
Mar 11 15:28:45 metasploitable3-ub1404 sshd[1803]: Invalid user msfadmin from 172.16.19.10
Mar 11 15:28:45 metasploitable3-ub1404 sshd[1803]: input_userauth_request: invalid user msfadmin [preauth]
Mar 11 15:29:37 metasploitable3-ub1404 sshd[1803]: Connection closed by 172.16.19.10 [preauth]
Mar 11 15:30:03 metasploitable3-ub1404 sshd[1805]: Invalid user msfadmin from 172.16.19.10
Mar 11 15:30:03 metasploitable3-ub1404 sshd[1805]: input_userauth_request: invalid user msfadmin [preauth]
Mar 11 15:30:08 metasploitable3-ub1404 sshd[1805]: pam_unix(sshd:auth): check pass; user unknown
Mar 11 15:30:08 metasploitable3-ub1404 sshd[1805]: pam_unix(sshd:auth): authentication failure; logname= uid=0 euid=0 tty=ssh ruser= rhost=172.16.19.10 
Mar 11 15:30:10 metasploitable3-ub1404 sshd[1805]: Failed password for invalid user msfadmin from 172.16.19.10 port 57956 ssh2
Mar 11 15:30:16 metasploitable3-ub1404 sshd[1805]: pam_unix(sshd:auth): check pass; user unknown
Mar 11 15:30:18 metasploitable3-ub1404 sshd[1805]: Failed password for invalid user msfadmin from 172.16.19.10 port 57956 ssh2
Mar 11 15:30:50 metasploitable3-ub1404 login[1690]: pam_unix(login:session): session opened for user vagrant by LOGIN(uid=0)
Mar 11 15:30:58 metasploitable3-ub1404 sshd[1805]: pam_unix(sshd:auth): check pass; user unknown
Mar 11 15:31:00 metasploitable3-ub1404 sshd[1805]: Failed password for invalid user msfadmin from 172.16.19.10 port 57956 ssh2
Mar 11 15:31:00 metasploitable3-ub1404 sshd[1805]: Connection closed by 172.16.19.10 [preauth]
Mar 11 15:31:00 metasploitable3-ub1404 sshd[1805]: PAM 2 more authentication failures; logname= uid=0 euid=0 tty=ssh ruser= rhost=172.16.19.10 
Mar 11 15:31:05 metasploitable3-ub1404 sshd[1839]: Invalid user msfadmin from 172.16.19.10
Mar 11 15:31:05 metasploitable3-ub1404 sshd[1839]: input_userauth_request: invalid user msfadmin [preauth]
Mar 11 15:31:08 metasploitable3-ub1404 sshd[1839]: pam_unix(sshd:auth): check pass; user unknown
Mar 11 15:31:08 metasploitable3-ub1404 sshd[1839]: pam_unix(sshd:auth): authentication failure; logname= uid=0 euid=0 tty=ssh ruser= rhost=172.16.19.10 
Mar 11 15:31:10 metasploitable3-ub1404 sshd[1839]: Failed password for invalid user msfadmin from 172.16.19.10 port 36634 ssh2
Mar 11 15:31:15 metasploitable3-ub1404 sshd[1839]: pam_unix(sshd:auth): check pass; user unknown
Mar 11 15:31:18 metasploitable3-ub1404 sshd[1839]: Failed password for invalid user msfadmin from 172.16.19.10 port 36634 ssh2
Mar 11 15:31:53 metasploitable3-ub1404 sshd[1839]: pam_unix(sshd:auth): check pass; user unknown
Mar 11 15:31:55 metasploitable3-ub1404 sshd[1839]: Failed password for invalid user msfadmin from 172.16.19.10 port 36634 ssh2
Mar 11 15:31:55 metasploitable3-ub1404 sshd[1839]: Connection closed by 172.16.19.10 [preauth]
Mar 11 15:31:55 metasploitable3-ub1404 sshd[1839]: PAM 2 more authentication failures; logname= uid=0 euid=0 tty=ssh ruser= rhost=172.16.19.10 
Mar 11 15:32:15 metasploitable3-ub1404 sshd[1841]: Invalid user msfadmin from 172.16.19.10
Mar 11 15:32:15 metasploitable3-ub1404 sshd[1841]: input_userauth_request: invalid user msfadmin [preauth]
Mar 11 15:32:22 metasploitable3-ub1404 sshd[1841]: pam_unix(sshd:auth): check pass; user unknown
Mar 11 15:32:22 metasploitable3-ub1404 sshd[1841]: pam_unix(sshd:auth): authentication failure; logname= uid=0 euid=0 tty=ssh ruser= rhost=172.16.19.10 
Mar 11 15:32:25 metasploitable3-ub1404 sshd[1841]: Failed password for invalid user msfadmin from 172.16.19.10 port 52978 ssh2
Mar 11 15:32:29 metasploitable3-ub1404 sshd[1841]: pam_unix(sshd:auth): check pass; user unknown
Mar 11 15:32:31 metasploitable3-ub1404 sshd[1841]: Failed password for invalid user msfadmin from 172.16.19.10 port 52978 ssh2
Mar 11 15:32:35 metasploitable3-ub1404 sshd[1841]: pam_unix(sshd:auth): check pass; user unknown
Mar 11 15:32:37 metasploitable3-ub1404 sshd[1841]: Failed password for invalid user msfadmin from 172.16.19.10 port 52978 ssh2
Mar 11 15:32:37 metasploitable3-ub1404 sshd[1841]: Connection closed by 172.16.19.10 [preauth]
Mar 11 15:32:37 metasploitable3-ub1404 sshd[1841]: PAM 2 more authentication failures; logname= uid=0 euid=0 tty=ssh ruser= rhost=172.16.19.10 
Mar 11 15:33:34 metasploitable3-ub1404 sudo:     root : TTY=unknown ; PWD=/ ; USER=chewbacca ; COMMAND=/opt/readme_app/start.sh
Mar 11 15:33:34 metasploitable3-ub1404 sudo: pam_unix(sudo:session): session opened for user chewbacca by (uid=0)
Mar 11 15:33:34 metasploitable3-ub1404 sshd[1069]: Server listening on 0.0.0.0 port 22.
Mar 11 15:33:34 metasploitable3-ub1404 sshd[1069]: Server listening on :: port 22.
Mar 11 15:33:35 metasploitable3-ub1404 su[1110]: Successful su for dirmngr by root
Mar 11 15:33:35 metasploitable3-ub1404 su[1110]: + /dev/console root:dirmngr
Mar 11 15:33:35 metasploitable3-ub1404 su[1110]: pam_unix(su:session): session opened for user dirmngr by (uid=0)
Mar 11 15:33:35 metasploitable3-ub1404 su[1110]: pam_unix(su:session): session closed for user dirmngr
Mar 11 15:33:35 metasploitable3-ub1404 sudo:     root : TTY=unknown ; PWD=/ ; USER=boba_fett ; COMMAND=/opt/unrealircd/Unreal3.2/unreal start
Mar 11 15:33:35 metasploitable3-ub1404 sudo: pam_unix(sudo:session): session opened for user boba_fett by (uid=0)
Mar 11 15:33:36 metasploitable3-ub1404 sudo: pam_unix(sudo:session): session closed for user boba_fett
Mar 11 15:33:57 metasploitable3-ub1404 login[1617]: pam_unix(login:auth): check pass; user unknown
Mar 11 15:33:57 metasploitable3-ub1404 login[1617]: pam_unix(login:auth): authentication failure; logname=LOGIN uid=0 euid=0 tty=/dev/tty1 ruser= rhost= 
Mar 11 15:34:00 metasploitable3-ub1404 login[1617]: FAILED LOGIN (1) on '/dev/tty1' FOR 'UNKNOWN', Authentication failure
Mar 11 15:34:08 metasploitable3-ub1404 login[1617]: pam_unix(login:session): session opened for user vagrant by LOGIN(uid=0)
Mar 11 15:34:39 metasploitable3-ub1404 sshd[2360]: Invalid user msfadmin from 172.16.19.10
Mar 11 15:34:39 metasploitable3-ub1404 sshd[2360]: input_userauth_request: invalid user msfadmin [preauth]
Mar 11 15:34:45 metasploitable3-ub1404 sshd[2360]: pam_unix(sshd:auth): check pass; user unknown
Mar 11 15:34:45 metasploitable3-ub1404 sshd[2360]: pam_unix(sshd:auth): authentication failure; logname= uid=0 euid=0 tty=ssh ruser= rhost=172.16.19.10 
Mar 11 15:34:47 metasploitable3-ub1404 sshd[2360]: Failed password for invalid user msfadmin from 172.16.19.10 port 44084 ssh2
Mar 11 15:34:56 metasploitable3-ub1404 sshd[2360]: pam_unix(sshd:auth): check pass; user unknown
Mar 11 15:34:58 metasploitable3-ub1404 sshd[2360]: Failed password for invalid user msfadmin from 172.16.19.10 port 44084 ssh2
Mar 11 15:35:32 metasploitable3-ub1404 sshd[2360]: pam_unix(sshd:auth): check pass; user unknown
Mar 11 15:35:34 metasploitable3-ub1404 sshd[2360]: Failed password for invalid user msfadmin from 172.16.19.10 port 44084 ssh2
Mar 11 15:35:34 metasploitable3-ub1404 sshd[2360]: Connection closed by 172.16.19.10 [preauth]
Mar 11 15:35:34 metasploitable3-ub1404 sshd[2360]: PAM 2 more authentication failures; logname= uid=0 euid=0 tty=ssh ruser= rhost=172.16.19.10 
Mar 11 15:36:30 metasploitable3-ub1404 sshd[2363]: Accepted password for vagrant from 172.16.19.10 port 56504 ssh2
Mar 11 15:36:30 metasploitable3-ub1404 sshd[2363]: pam_unix(sshd:session): session opened for user vagrant by (uid=0)
Mar 11 15:45:31 metasploitable3-ub1404 sshd[2381]: Received disconnect from 172.16.19.10: 11: disconnected by user
Mar 11 15:45:31 metasploitable3-ub1404 sshd[2363]: pam_unix(sshd:session): session closed for user vagrant
Mar 11 16:17:01 metasploitable3-ub1404 CRON[2409]: pam_unix(cron:session): session opened for user root by (uid=0)
Mar 11 16:17:01 metasploitable3-ub1404 CRON[2409]: pam_unix(cron:session): session closed for user root
Mar 11 17:17:01 metasploitable3-ub1404 CRON[2426]: pam_unix(cron:session): session opened for user root by (uid=0)
Mar 11 17:17:01 metasploitable3-ub1404 CRON[2426]: pam_unix(cron:session): session closed for user root
Mar 11 18:17:01 metasploitable3-ub1404 CRON[2443]: pam_unix(cron:session): session opened for user root by (uid=0)
Mar 11 18:17:01 metasploitable3-ub1404 CRON[2443]: pam_unix(cron:session): session closed for user root
Mar 16 10:13:35 metasploitable3-ub1404 sudo:     root : TTY=unknown ; PWD=/ ; USER=chewbacca ; COMMAND=/opt/readme_app/start.sh
Mar 16 10:13:35 metasploitable3-ub1404 sudo: pam_unix(sudo:session): session opened for user chewbacca by (uid=0)
Mar 16 10:13:35 metasploitable3-ub1404 sshd[1080]: Server listening on 0.0.0.0 port 22.
Mar 16 10:13:35 metasploitable3-ub1404 sshd[1080]: Server listening on :: port 22.
Mar 16 10:13:35 metasploitable3-ub1404 su[1130]: Successful su for dirmngr by root
Mar 16 10:13:35 metasploitable3-ub1404 su[1130]: + /dev/console root:dirmngr
Mar 16 10:13:35 metasploitable3-ub1404 su[1130]: pam_unix(su:session): session opened for user dirmngr by (uid=0)
Mar 16 10:13:35 metasploitable3-ub1404 su[1130]: pam_unix(su:session): session closed for user dirmngr
Mar 16 10:13:36 metasploitable3-ub1404 sudo:     root : TTY=unknown ; PWD=/ ; USER=boba_fett ; COMMAND=/opt/unrealircd/Unreal3.2/unreal start
Mar 16 10:13:36 metasploitable3-ub1404 sudo: pam_unix(sudo:session): session opened for user boba_fett by (uid=0)
Mar 16 10:13:37 metasploitable3-ub1404 sudo: pam_unix(sudo:session): session closed for user boba_fett
Mar 16 10:15:34 metasploitable3-ub1404 login[1638]: pam_unix(login:session): session opened for user vagrant by LOGIN(uid=0)
Mar 16 10:17:01 metasploitable3-ub1404 CRON[2386]: pam_unix(cron:session): session opened for user root by (uid=0)
Mar 16 10:17:01 metasploitable3-ub1404 CRON[2386]: pam_unix(cron:session): session closed for user root
Mar 16 10:17:14 metasploitable3-ub1404 sshd[2389]: Accepted password for vagrant from 172.16.19.10 port 37518 ssh2
Mar 16 10:17:14 metasploitable3-ub1404 sshd[2389]: pam_unix(sshd:session): session opened for user vagrant by (uid=0)
Mar 16 10:23:27 metasploitable3-ub1404 sudo:  vagrant : TTY=pts/2 ; PWD=/home/vagrant ; USER=root ; COMMAND=/bin/cat /var/log/apache2/access.log
Mar 16 10:23:27 metasploitable3-ub1404 sudo: pam_unix(sudo:session): session opened for user root by vagrant(uid=0)
Mar 16 10:23:36 metasploitable3-ub1404 sudo: pam_unix(sudo:session): session closed for user root
Mar 16 10:29:59 metasploitable3-ub1404 sudo:  vagrant : TTY=pts/2 ; PWD=/home/vagrant ; USER=root ; COMMAND=/bin/cp /var/log/auth.log auth1.log
Mar 16 10:29:59 metasploitable3-ub1404 sudo: pam_unix(sudo:session): session opened for user root by vagrant(uid=0)
Mar 16 10:29:59 metasploitable3-ub1404 sudo: pam_unix(sudo:session): session closed for user root
Mar 16 10:30:17 metasploitable3-ub1404 sudo:  vagrant : TTY=pts/2 ; PWD=/home/vagrant ; USER=root ; COMMAND=/bin/cat /var/log/auth.log
Mar 16 10:30:17 metasploitable3-ub1404 sudo: pam_unix(sudo:session): session opened for user root by vagrant(uid=0)

